  Character.cpp
C:\Users\guilh\Desktop\ut\disciplinas\tec_prog\Game\Game\Game\Character.h(7,22): warning C4305: 'inicializando': truncamento de 'double' para 'float'
  Collisions_Manager.cpp
C:\Users\guilh\Desktop\ut\disciplinas\tec_prog\Game\Game\Game\Character.h(7,22): warning C4305: 'inicializando': truncamento de 'double' para 'float'
  Game.cpp
C:\Users\guilh\Desktop\ut\disciplinas\tec_prog\Game\Game\Game\Character.h(7,22): warning C4305: 'inicializando': truncamento de 'double' para 'float'
  Level.cpp
C:\Users\guilh\Desktop\ut\disciplinas\tec_prog\Game\Game\Game\Character.h(7,22): warning C4305: 'inicializando': truncamento de 'double' para 'float'
C:\Users\guilh\Desktop\ut\disciplinas\tec_prog\Game\Game\Game\Level.cpp(76,16): warning C4244: 'inicializando': conversão de 'double' para 'int', possível perda de dados
C:\Users\guilh\Desktop\ut\disciplinas\tec_prog\Game\Game\Game\Level.cpp(76,74): warning C4018: '<': incompatibilidade de signed/unsigned
C:\Users\guilh\Desktop\ut\disciplinas\tec_prog\Game\Game\Game\Level.cpp(82,16): warning C4244: 'inicializando': conversão de 'double' para 'int', possível perda de dados
C:\Users\guilh\Desktop\ut\disciplinas\tec_prog\Game\Game\Game\Level.cpp(82,74): warning C4018: '<': incompatibilidade de signed/unsigned
  Level_A.cpp
C:\Users\guilh\Desktop\ut\disciplinas\tec_prog\Game\Game\Game\Character.h(7,22): warning C4305: 'inicializando': truncamento de 'double' para 'float'
  Player.cpp
C:\Users\guilh\Desktop\ut\disciplinas\tec_prog\Game\Game\Game\Character.h(7,22): warning C4305: 'inicializando': truncamento de 'double' para 'float'
C:\Users\guilh\Desktop\ut\disciplinas\tec_prog\Game\Game\Game\Player.cpp(49,38): warning C4244: '=': conversão de 'T' para 'float', possível perda de dados
          with
          [
              T=unsigned int
          ]
  main.cpp
C:\Users\guilh\Desktop\ut\disciplinas\tec_prog\Game\Game\Game\Character.h(7,22): warning C4305: 'inicializando': truncamento de 'double' para 'float'
  Gerando Código...
  Game.vcxproj -> C:\Users\guilh\Desktop\ut\disciplinas\tec_prog\Game\Game\x64\Debug\Game.exe
